This is pdfTeXk, Version 3.141592-1.40.3 (Web2C 7.5.6) (format=pdflatex 2015.8.18)  2 DEC 2015 02:20
entering extended mode
 %&-line parsing enabled.
**numericalProj.tex
(./numericalProj.tex
LaTeX2e <2005/12/01>
Babel <v3.8h> and hyphenation patterns for english, usenglishmax, dumylang, noh
yphenation, arabic, basque, bulgarian, coptic, welsh, czech, slovak, german, ng
erman, danish, esperanto, spanish, catalan, galician, estonian, farsi, finnish,
 french, greek, monogreek, ancientgreek, croatian, hungarian, interlingua, ibyc
us, indonesian, icelandic, italian, latin, mongolian, dutch, norsk, polish, por
tuguese, pinyin, romanian, russian, slovenian, uppersorbian, serbian, swedish, 
turkish, ukenglish, ukrainian, loaded.
(/usr/share/texmf/tex/latex/paper/paper.cls
Document Class: paper 1996/07/25 1.0i LaTeX document class (wm).
\hours=\count79
\minutes=\count80
(/usr/share/texmf/tex/latex/base/size12.clo
File: size12.clo 2005/09/16 v1.4f Standard LaTeX file (size option)
)
\beforetitlespace=\skip41
\c@part=\count81
\c@section=\count82
\c@subsection=\count83
\c@subsubsection=\count84
\c@paragraph=\count85
\c@subparagraph=\count86
\exampleindent=\skip42
\c@figure=\count87
\c@table=\count88
\abovecaptionskip=\skip43
\belowcaptionskip=\skip44
\bibindent=\dimen102
)
(/usr/share/texmf/tex/latex/geometry/geometry.sty
Package: geometry 2002/07/08 v3.2 Page Geometry

(/usr/share/texmf/tex/latex/graphics/keyval.sty
Package: keyval 1999/03/16 v1.13 key=value parser (DPC)
\KV@toks@=\toks14
)
\Gm@cnth=\count89
\Gm@cntv=\count90
\c@Gm@tempcnt=\count91
\Gm@bindingoffset=\dimen103
\Gm@wd@mp=\dimen104
\Gm@odd@mp=\dimen105
\Gm@even@mp=\dimen106
\Gm@dimlist=\toks15
)
(/usr/share/texmf/tex/latex/graphics/graphicx.sty
Package: graphicx 1999/02/16 v1.0f Enhanced LaTeX Graphics (DPC,SPQR)

(/usr/share/texmf/tex/latex/graphics/graphics.sty
Package: graphics 2006/02/20 v1.0o Standard LaTeX Graphics (DPC,SPQR)

(/usr/share/texmf/tex/latex/graphics/trig.sty
Package: trig 1999/03/16 v1.09 sin cos tan (DPC)
)
(/usr/share/texmf/tex/latex/config/graphics.cfg
File: graphics.cfg 2007/01/18 v1.5 graphics configuration of teTeX/TeXLive
)
Package graphics Info: Driver file: pdftex.def on input line 90.

(/usr/share/texmf/tex/latex/pdftex-def/pdftex.def
File: pdftex.def 2007/01/08 v0.04d Graphics/color for pdfTeX
\Gread@gobject=\count92
))
\Gin@req@height=\dimen107
\Gin@req@width=\dimen108
)
(/usr/share/texmf/tex/latex/amsfonts/amssymb.sty
Package: amssymb 2002/01/22 v2.2d

(/usr/share/texmf/tex/latex/amsfonts/amsfonts.sty
Package: amsfonts 2001/10/25 v2.2f
\@emptytoks=\toks16
\symAMSa=\mathgroup4
\symAMSb=\mathgroup5
LaTeX Font Info:    Overwriting math alphabet `\mathfrak' in version `bold'
(Font)                  U/euf/m/n --> U/euf/b/n on input line 132.
))
(/usr/share/texmf/tex/latex/oberdiek/epstopdf.sty
Package: epstopdf 2006/08/26 v1.3 Conversion with epstopdf on the fly (HO)


Package epstopdf Warning: Shell escape feature is not enabled.

) (/usr/share/texmf/tex/latex/hyperref/hyperref.sty
Package: hyperref 2007/02/07 v6.75r Hypertext links for LaTeX
\@linkdim=\dimen109
\Hy@linkcounter=\count93
\Hy@pagecounter=\count94

(/usr/share/texmf/tex/latex/hyperref/pd1enc.def
File: pd1enc.def 2007/02/07 v6.75r Hyperref: PDFDocEncoding definition (HO)
)
(/usr/share/texmf/tex/latex/config/hyperref.cfg
File: hyperref.cfg 2002/06/06 v1.2 hyperref configuration of TeXLive
)
(/usr/share/texmf/tex/latex/oberdiek/kvoptions.sty
Package: kvoptions 2006/08/22 v2.4 Connects package keyval with LaTeX options (
HO)
)
Package hyperref Info: Hyper figures OFF on input line 2288.
Package hyperref Info: Link nesting OFF on input line 2293.
Package hyperref Info: Hyper index ON on input line 2296.
Package hyperref Info: Plain pages OFF on input line 2303.
Package hyperref Info: Backreferencing OFF on input line 2308.

Implicit mode ON; LaTeX internals redefined
Package hyperref Info: Bookmarks ON on input line 2444.
(/usr/share/texmf/tex/latex/ltxmisc/url.sty
\Urlmuskip=\muskip10
Package: url 2005/06/27  ver 3.2  Verb mode for urls, etc.
)
LaTeX Info: Redefining \url on input line 2599.
\Fld@menulength=\count95
\Field@Width=\dimen110
\Fld@charsize=\dimen111
\Choice@toks=\toks17
\Field@toks=\toks18
Package hyperref Info: Hyper figures OFF on input line 3102.
Package hyperref Info: Link nesting OFF on input line 3107.
Package hyperref Info: Hyper index ON on input line 3110.
Package hyperref Info: backreferencing OFF on input line 3117.
Package hyperref Info: Link coloring OFF on input line 3122.
\Hy@abspage=\count96
\c@Item=\count97
\c@Hfootnote=\count98
)
*hyperref using default driver hpdftex*
(/usr/share/texmf/tex/latex/hyperref/hpdftex.def
File: hpdftex.def 2007/02/07 v6.75r Hyperref driver for pdfTeX
\Fld@listcount=\count99
)
(/usr/share/texmf/tex/latex/natbib/natbib.sty
Package: natbib 2007/02/05 8.0 (PWD)
\bibhang=\skip45
\bibsep=\skip46
LaTeX Info: Redefining \cite on input line 602.
\c@NAT@ctr=\count100
) (./numericalProj.aux)
\openout1 = `numericalProj.aux'.

LaTeX Font Info:    Checking defaults for OML/cmm/m/it on input line 25.
LaTeX Font Info:    ... okay on input line 25.
LaTeX Font Info:    Checking defaults for T1/cmr/m/n on input line 25.
LaTeX Font Info:    ... okay on input line 25.
LaTeX Font Info:    Checking defaults for OT1/cmr/m/n on input line 25.
LaTeX Font Info:    ... okay on input line 25.
LaTeX Font Info:    Checking defaults for OMS/cmsy/m/n on input line 25.
LaTeX Font Info:    ... okay on input line 25.
LaTeX Font Info:    Checking defaults for OMX/cmex/m/n on input line 25.
LaTeX Font Info:    ... okay on input line 25.
LaTeX Font Info:    Checking defaults for U/cmr/m/n on input line 25.
LaTeX Font Info:    ... okay on input line 25.
LaTeX Font Info:    Checking defaults for PD1/pdf/m/n on input line 25.
LaTeX Font Info:    ... okay on input line 25.
-------------------- Geometry parameters
paper: letterpaper
landscape: --
twocolumn: --
twoside: --
asymmetric: --
h-parts: 92.14519pt, 0.7\paperwidth , 92.14519pt (default)
v-parts: 95.39737pt, 0.7\paperheight , 143.09605pt (default)
hmarginratio: 1:1
vmarginratio: 2:3
lines: --
heightrounded: --
bindingoffset: 0.0pt
truedimen: --
includehead: --
includefoot: --
includemp: --
driver: pdftex
-------------------- Page layout dimensions and switches
\paperwidth  614.295pt
\paperheight 794.96999pt
\textwidth  430.00462pt
\textheight 556.47656pt
\oddsidemargin  19.8752pt
\evensidemargin 19.8752pt
\topmargin  -13.87262pt
\headheight 12.0pt
\headsep    25.0pt
\footskip   30.0pt
\marginparwidth 44.0pt
\marginparsep   10.0pt
\columnsep  10.0pt
\skip\footins  10.8pt plus 4.0pt minus 2.0pt
\hoffset 0.0pt
\voffset 0.0pt
\mag 1000

(1in=72.27pt, 1cm=28.45pt)
-----------------------
Package hyperref Info: Link coloring OFF on input line 25.

(/usr/share/texmf/tex/latex/hyperref/nameref.sty
Package: nameref 2006/12/27 v2.28 Cross-referencing by name of section

(/usr/share/texmf/tex/latex/oberdiek/refcount.sty
Package: refcount 2006/02/20 v3.0 Data extraction from references (HO)
)
\c@section@level=\count101
)
LaTeX Info: Redefining \ref on input line 25.
LaTeX Info: Redefining \pageref on input line 25.
 (./numericalProj.out)
(./numericalProj.out)
\@outlinefile=\write3
\openout3 = `numericalProj.out'.

LaTeX Font Info:    Try loading font information for U+msa on input line 29.
 (/usr/share/texmf/tex/latex/amsfonts/umsa.fd
File: umsa.fd 2002/01/19 v2.2g AMS font definitions
)
LaTeX Font Info:    Try loading font information for U+msb on input line 29.

(/usr/share/texmf/tex/latex/amsfonts/umsb.fd
File: umsb.fd 2002/01/19 v2.2g AMS font definitions
)
<fig1.pdf, id=25, 578.16pt x 433.62pt>
File: fig1.pdf Graphic file (type pdf)
 <use fig1.pdf>
<pressure3p0.pdf, id=35, 578.16pt x 433.62pt>
File: pressure3p0.pdf Graphic file (type pdf)
 <use pressure3p0.pdf>
<density3p0.pdf, id=36, 578.16pt x 433.62pt>
File: density3p0.pdf Graphic file (type pdf)
 <use density3p0.pdf>
<temperature3p0.pdf, id=37, 578.16pt x 433.62pt>
File: temperature3p0.pdf Graphic file (type pdf)
 <use temperature3p0.pdf>
[1


{/usr/share/texmf/fonts/map/pdftex/updmap/pdftex.map}] [2 <./fig1.pdf

pdfTeX warning: pdflatex (file ./fig1.pdf): PDF inclusion: Page Group detected 
which pdfTeX can't handle. Ignoring it.
> <./pressure3p0.pdf

pdfTeX warning: pdflatex (file ./pressure3p0.pdf): PDF inclusion: Page Group de
tected which pdfTeX can't handle. Ignoring it.
>] [3 <./density3p0.pdf

pdfTeX warning: pdflatex (file ./density3p0.pdf): PDF inclusion: Page Group det
ected which pdfTeX can't handle. Ignoring it.
> <./temperature3p0.pdf

pdfTeX warning: pdflatex (file ./temperature3p0.pdf): PDF inclusion: Page Group
 detected which pdfTeX can't handle. Ignoring it.
>]
Overfull \hbox (12.26355pt too wide) in paragraph at lines 85--86
[]\OT1/cmr/m/n/12 First, the ini-tial con-di-tions, poly-tropic in-dex, and pol
y-trope con-stants (in \OT1/cmtt/m/n/12 polytr.F\OT1/cmr/m/n/12 )
 []

<HR.pdf, id=235, 578.16pt x 433.62pt>
File: HR.pdf Graphic file (type pdf)
 <use HR.pdf>
<pres.pdf, id=239, 578.16pt x 433.62pt>
File: pres.pdf Graphic file (type pdf)
 <use pres.pdf>
<dens.pdf, id=240, 578.16pt x 433.62pt>
File: dens.pdf Graphic file (type pdf)
 <use dens.pdf>
<temp.pdf, id=241, 578.16pt x 433.62pt>
File: temp.pdf Graphic file (type pdf)
 <use temp.pdf> (./numericalProj.bbl)
[4] [5 <./HR.pdf

pdfTeX warning: pdflatex (file ./HR.pdf): PDF inclusion: Page Group detected wh
ich pdfTeX can't handle. Ignoring it.
>] [6 <./pres.pdf

pdfTeX warning: pdflatex (file ./pres.pdf): PDF inclusion: Page Group detected 
which pdfTeX can't handle. Ignoring it.
> <./dens.pdf

pdfTeX warning: pdflatex (file ./dens.pdf): PDF inclusion: Page Group detected 
which pdfTeX can't handle. Ignoring it.
>] [7 <./temp.pdf

pdfTeX warning: pdflatex (file ./temp.pdf): PDF inclusion: Page Group detected 
which pdfTeX can't handle. Ignoring it.
>] (./numericalProj.aux) ) 
Here is how much of TeX's memory you used:
 3579 strings out of 256216
 47782 string characters out of 1917072
 110161 words of memory out of 1500000
 6814 multiletter control sequences out of 10000+200000
 14138 words of font info for 53 fonts, out of 1200000 for 2000
 645 hyphenation exceptions out of 8191
 25i,7n,36p,671b,338s stack positions out of 5000i,500n,6000p,200000b,15000s
</usr/share/texmf/fonts/type1/bluesky/cm/cmex10.pfb><
/usr/share/texmf/fonts/type1/bluesky/cm/cmmi12.pfb></usr/share/texmf/fonts/type
1/bluesky/cm/cmmi8.pfb></usr/share/texmf/fonts/type1/bluesky/cm/cmr10.pfb></usr
/share/texmf/fonts/type1/bluesky/cm/cmr12.pfb></usr/share/texmf/fonts/type1/blu
esky/cm/cmr8.pfb></usr/share/texmf/fonts/type1/bluesky/cm/cmss10.pfb></usr/shar
e/texmf/fonts/type1/bluesky/cm/cmss12.pfb></usr/share/texmf/fonts/type1/bluesky
/cm/cmssbx10.pfb></usr/share/texmf/fonts/type1/bluesky/cm/cmssi17.pfb></usr/sha
re/texmf/fonts/type1/bluesky/cm/cmsy10.pfb></usr/share/texmf/fonts/type1/bluesk
y/cm/cmsy6.pfb></usr/share/texmf/fonts/type1/bluesky/cm/cmsy8.pfb></usr/share/t
exmf/fonts/type1/bluesky/cm/cmti12.pfb></usr/share/texmf/fonts/type1/bluesky/cm
/cmtt12.pfb>
Output written on numericalProj.pdf (7 pages, 249943 bytes).
PDF statistics:
 500 PDF objects out of 1000 (max. 8388607)
 24 named destinations out of 1000 (max. 131072)
 73 words of extra memory for PDF output out of 10000 (max. 10000000)

